Request #1: GET person Accept: application/xml Content-type: application/xml
=> Result: OK
=> HTTP STATUS: 200
<people>
    <person>
        <id>5.0</id>
        <firstname>Alan</firstname>
        <lastname>Turing</lastname>
        <birthdate>1912-06-23</birthdate>
        <healthProfile>
            <measureTypes>
                <mid>23.0</mid>
                <measure>weight</measure>
                <value>90.0</value>
                <created>2016-11-16</created>
            </measureTypes>
            <measureTypes>
                <mid>24.0</mid>
                <measure>height</measure>
                <value>2.2</value>
                <created>2016-11-17</created>
            </measureTypes>
        </healthProfile>
    </person>
    <person>
        <id>6.0</id>
        <firstname>Christopher</firstname>
        <lastname>McCandless</lastname>
        <birthdate>1968-02-12</birthdate>
        <healthProfile>
            <measureTypes>
                <mid>29.0</mid>
                <measure>weight</measure>
                <value>90.0</value>
                <created>2016-11-16</created>
            </measureTypes>
            <measureTypes>
                <mid>30.0</mid>
                <measure>height</measure>
                <value>2.2</value>
                <created>2016-11-17</created>
            </measureTypes>
        </healthProfile>
    </person>
</people>

Request #2: GET person/5.0 Accept: application/xml Content-type: application/xml
=> Result: OK
=> HTTP STATUS: 200
<person>
    <id>5.0</id>
    <firstname>Alan</firstname>
    <lastname>Turing</lastname>
    <birthdate>1912-06-23</birthdate>
    <healthProfile>
        <measureTypes>
            <mid>23.0</mid>
            <measure>weight</measure>
            <value>90.0</value>
            <created>2016-11-16</created>
        </measureTypes>
        <measureTypes>
            <mid>24.0</mid>
            <measure>height</measure>
            <value>2.2</value>
            <created>2016-11-17</created>
        </measureTypes>
    </healthProfile>
</person>

Request #3: PUT person/5.0 Accept: application/xml Content-type: application/xml
=> Result: OK
=> HTTP STATUS: 200
<person>
    <id>5.0</id>
    <firstname>NewPersonName</firstname>
    <lastname>Turing</lastname>
    <birthdate>1912-06-23</birthdate>
    <healthProfile>
        <measureTypes>
            <mid>23.0</mid>
            <measure>weight</measure>
            <value>90.0</value>
            <created>2016-11-16</created>
        </measureTypes>
        <measureTypes>
            <mid>24.0</mid>
            <measure>height</measure>
            <value>2.2</value>
            <created>2016-11-17</created>
        </measureTypes>
    </healthProfile>
    <measureHistory>
        <measureTypes>
            <mid>19.0</mid>
            <measure>weight</measure>
            <value>88.0</value>
            <created>2016-11-16</created>
        </measureTypes>
        <measureTypes>
            <mid>20.0</mid>
            <measure>height</measure>
            <value>1.8</value>
            <created>2016-11-17</created>
        </measureTypes>
        <measureTypes>
            <mid>21.0</mid>
            <measure>weight</measure>
            <value>89.0</value>
            <created>2016-11-16</created>
        </measureTypes>
        <measureTypes>
            <mid>22.0</mid>
            <measure>height</measure>
            <value>2.0</value>
            <created>2016-11-17</created>
        </measureTypes>
    </measureHistory>
</person>

Request #4: POST person Accept: application/xml Content-type: application/xml
=> Result: OK
=> HTTP STATUS: 201
<person>
    <id>7.0</id>
    <firstname>Chuck</firstname>
    <lastname>Norris</lastname>
    <birthdate>1945-01-01</birthdate>
    <healthProfile>
        <measureTypes>
            <mid>32.0</mid>
            <measure>height</measure>
            <value>172.0</value>
        </measureTypes>
        <measureTypes>
            <mid>31.0</mid>
            <measure>weight</measure>
            <value>78.9</value>
        </measureTypes>
    </healthProfile>
    <measureHistory/>
</person>

Request #5: DELETE person/7.0 Accept: application/xml Content-type: application/xml
=> Result: OK
=> HTTP STATUS: 404

Request #6: GET /measureTypes Accept: application/xml Content-type: application/xml
=> Result: OK
=> HTTP STATUS: 200
<measureTypes>
    <measureType>weight</measureType>
    <measureType>height</measureType>
</measureTypes>

Request #7: GET person/6.0/height Accept: application/xml Content-type: application/xml
=> Result: OK
=> HTTP STATUS: 200
<measureTypes>
    <measureType>
        <mid>26.0</mid>
        <measure>height</measure>
        <value>1.8</value>
        <created>2016-11-17</created>
    </measureType>
    <measureType>
        <mid>28.0</mid>
        <measure>height</measure>
        <value>2.0</value>
        <created>2016-11-17</created>
    </measureType>
</measureTypes>

Request #8: GET person/6.0/height/26.0 Accept: application/xml Content-type: application/xml
=> Result: ERROR
=> HTTP STATUS: 404

Request #9: POST person/5.0/weight Accept: application/xml Content-type: application/xml
=> Result: OK
=> HTTP STATUS: 200
<measureType>
    <mid>35.0</mid>
    <measure>weight</measure>
    <value>72.0</value>
    <created>2011-12-09</created>
</measureType>

Request #10: PUT person/5.0/weight/35.0 Accept: application/xml Content-type: application/xml
=> Result: OK
=> HTTP STATUS: 200

Request #11: GET person/5.0/weight?before=2016-11-18&after=2016-11-16 Accept: application/xml Content-type: application/xml
=> Result: OK
=> HTTP STATUS: 200
<measureTypes>
    <measureType>
        <mid>35.0</mid>
        <measure>weight</measure>
        <value>42.0</value>
        <created>2016-11-17</created>
    </measureType>
</measureTypes>

Request #12: GET person?measureType=weight&max=89 Accept: application/xml Content-type: application/xml
=> Result: OK
=> HTTP STATUS: 200
<people>
    <person>
        <id>5.0</id>
        <firstname>NewPersonName</firstname>
        <lastname>Turing</lastname>
        <birthdate>1912-06-23</birthdate>
        <healthProfile>
            <measureTypes>
                <mid>36.0</mid>
                <measure>weight</measure>
                <value>72.0</value>
                <created>2011-12-09</created>
            </measureTypes>
            <measureTypes>
                <mid>24.0</mid>
                <measure>height</measure>
                <value>2.2</value>
                <created>2016-11-17</created>
            </measureTypes>
        </healthProfile>
    </person>
</people>

